02-07 19:24:09 com_github_MitjaNemec_Archive3DModels.action_archive_3d_models 220:Plugin executed on: 'win32'
02-07 19:24:09 com_github_MitjaNemec_Archive3DModels.action_archive_3d_models 221:Plugin executed with python version: '3.9.16 (main, Oct 13 2023, 05:50:11) [MSC v.1936 64 bit (AMD64)]'
02-07 19:24:09 com_github_MitjaNemec_Archive3DModels.action_archive_3d_models 222:KiCad build version: 7.0.10
02-07 19:24:09 com_github_MitjaNemec_Archive3DModels.action_archive_3d_models 223:Plugin version: 1.0.10

02-07 19:24:09 com_github_MitjaNemec_Archive3DModels.action_archive_3d_models 228:Screen sizes: [wx.Size(1920, 1080), wx.Size(1920, 1080), wx.Size(1920, 1080)]
02-07 19:24:09 com_github_MitjaNemec_Archive3DModels.action_archive_3d_models 235:Dialog size: wx.Size(213, 81)
02-07 19:24:09 com_github_MitjaNemec_Archive3DModels.action_archive_3d_models 237:Char size: 15
02-07 19:24:11 com_github_MitjaNemec_Archive3DModels.archive_3d_models 24:Starting to archive 3D models
02-07 19:24:11 com_github_MitjaNemec_Archive3DModels.archive_3d_models 45:Getting 3D models for footprint of: REF**
02-07 19:24:11 com_github_MitjaNemec_Archive3DModels.archive_3d_models 45:Getting 3D models for footprint of: D17
02-07 19:24:11 com_github_MitjaNemec_Archive3DModels.archive_3d_models 45:Getting 3D models for footprint of: REF**
02-07 19:24:11 com_github_MitjaNemec_Archive3DModels.archive_3d_models 45:Getting 3D models for footprint of: D12
02-07 19:24:11 com_github_MitjaNemec_Archive3DModels.archive_3d_models 45:Getting 3D models for footprint of: S5
02-07 19:24:11 com_github_MitjaNemec_Archive3DModels.archive_3d_models 45:Getting 3D models for footprint of: D15
02-07 19:24:11 com_github_MitjaNemec_Archive3DModels.archive_3d_models 45:Getting 3D models for footprint of: REF**
02-07 19:24:11 com_github_MitjaNemec_Archive3DModels.archive_3d_models 45:Getting 3D models for footprint of: REF**
02-07 19:24:11 com_github_MitjaNemec_Archive3DModels.archive_3d_models 45:Getting 3D models for footprint of: D11
02-07 19:24:11 com_github_MitjaNemec_Archive3DModels.archive_3d_models 45:Getting 3D models for footprint of: H4
02-07 19:24:11 com_github_MitjaNemec_Archive3DModels.archive_3d_models 45:Getting 3D models for footprint of: S7
02-07 19:24:11 com_github_MitjaNemec_Archive3DModels.archive_3d_models 45:Getting 3D models for footprint of: REF**
02-07 19:24:11 com_github_MitjaNemec_Archive3DModels.archive_3d_models 45:Getting 3D models for footprint of: JST1
02-07 19:24:11 com_github_MitjaNemec_Archive3DModels.archive_3d_models 45:Getting 3D models for footprint of: S9
02-07 19:24:11 com_github_MitjaNemec_Archive3DModels.archive_3d_models 45:Getting 3D models for footprint of: REF**
02-07 19:24:11 com_github_MitjaNemec_Archive3DModels.archive_3d_models 45:Getting 3D models for footprint of: D9
02-07 19:24:11 com_github_MitjaNemec_Archive3DModels.archive_3d_models 45:Getting 3D models for footprint of: REF**
02-07 19:24:11 com_github_MitjaNemec_Archive3DModels.archive_3d_models 45:Getting 3D models for footprint of: H2
02-07 19:24:11 com_github_MitjaNemec_Archive3DModels.archive_3d_models 45:Getting 3D models for footprint of: REF**
02-07 19:24:11 com_github_MitjaNemec_Archive3DModels.archive_3d_models 45:Getting 3D models for footprint of: S17
02-07 19:24:11 com_github_MitjaNemec_Archive3DModels.archive_3d_models 45:Getting 3D models for footprint of: REF**
02-07 19:24:11 com_github_MitjaNemec_Archive3DModels.archive_3d_models 45:Getting 3D models for footprint of: D2
02-07 19:24:11 com_github_MitjaNemec_Archive3DModels.archive_3d_models 45:Getting 3D models for footprint of: D10
02-07 19:24:11 com_github_MitjaNemec_Archive3DModels.archive_3d_models 45:Getting 3D models for footprint of: REF**
02-07 19:24:11 com_github_MitjaNemec_Archive3DModels.archive_3d_models 45:Getting 3D models for footprint of: REF**
02-07 19:24:11 com_github_MitjaNemec_Archive3DModels.archive_3d_models 45:Getting 3D models for footprint of: REF**
02-07 19:24:11 com_github_MitjaNemec_Archive3DModels.archive_3d_models 45:Getting 3D models for footprint of: S6
02-07 19:24:11 com_github_MitjaNemec_Archive3DModels.archive_3d_models 45:Getting 3D models for footprint of: REF**
02-07 19:24:11 com_github_MitjaNemec_Archive3DModels.archive_3d_models 45:Getting 3D models for footprint of: H5
02-07 19:24:11 com_github_MitjaNemec_Archive3DModels.archive_3d_models 45:Getting 3D models for footprint of: REF**
02-07 19:24:11 com_github_MitjaNemec_Archive3DModels.archive_3d_models 45:Getting 3D models for footprint of: DISP1
02-07 19:24:11 com_github_MitjaNemec_Archive3DModels.archive_3d_models 45:Getting 3D models for footprint of: REF**
02-07 19:24:11 com_github_MitjaNemec_Archive3DModels.archive_3d_models 45:Getting 3D models for footprint of: S11
02-07 19:24:11 com_github_MitjaNemec_Archive3DModels.archive_3d_models 45:Getting 3D models for footprint of: G***
02-07 19:24:11 com_github_MitjaNemec_Archive3DModels.archive_3d_models 45:Getting 3D models for footprint of: H1
02-07 19:24:11 com_github_MitjaNemec_Archive3DModels.archive_3d_models 45:Getting 3D models for footprint of: SW1
02-07 19:24:11 com_github_MitjaNemec_Archive3DModels.archive_3d_models 45:Getting 3D models for footprint of: S16
02-07 19:24:11 com_github_MitjaNemec_Archive3DModels.archive_3d_models 45:Getting 3D models for footprint of: REF**
02-07 19:24:11 com_github_MitjaNemec_Archive3DModels.archive_3d_models 45:Getting 3D models for footprint of: REF**
02-07 19:24:11 com_github_MitjaNemec_Archive3DModels.archive_3d_models 45:Getting 3D models for footprint of: REF**
02-07 19:24:11 com_github_MitjaNemec_Archive3DModels.archive_3d_models 45:Getting 3D models for footprint of: D8
02-07 19:24:11 com_github_MitjaNemec_Archive3DModels.archive_3d_models 45:Getting 3D models for footprint of: REF**
02-07 19:24:11 com_github_MitjaNemec_Archive3DModels.archive_3d_models 45:Getting 3D models for footprint of: REF**
02-07 19:24:11 com_github_MitjaNemec_Archive3DModels.archive_3d_models 45:Getting 3D models for footprint of: REF**
02-07 19:24:11 com_github_MitjaNemec_Archive3DModels.archive_3d_models 45:Getting 3D models for footprint of: REF**
02-07 19:24:11 com_github_MitjaNemec_Archive3DModels.archive_3d_models 45:Getting 3D models for footprint of: D16
02-07 19:24:11 com_github_MitjaNemec_Archive3DModels.archive_3d_models 45:Getting 3D models for footprint of: REF**
02-07 19:24:11 com_github_MitjaNemec_Archive3DModels.archive_3d_models 45:Getting 3D models for footprint of: S14
02-07 19:24:11 com_github_MitjaNemec_Archive3DModels.archive_3d_models 45:Getting 3D models for footprint of: REF**
02-07 19:24:11 com_github_MitjaNemec_Archive3DModels.archive_3d_models 45:Getting 3D models for footprint of: SW2
02-07 19:24:11 com_github_MitjaNemec_Archive3DModels.archive_3d_models 45:Getting 3D models for footprint of: D3
02-07 19:24:11 com_github_MitjaNemec_Archive3DModels.archive_3d_models 45:Getting 3D models for footprint of: REF**
02-07 19:24:11 com_github_MitjaNemec_Archive3DModels.archive_3d_models 45:Getting 3D models for footprint of: S10
02-07 19:24:11 com_github_MitjaNemec_Archive3DModels.archive_3d_models 45:Getting 3D models for footprint of: S15
02-07 19:24:11 com_github_MitjaNemec_Archive3DModels.archive_3d_models 45:Getting 3D models for footprint of: S2
02-07 19:24:11 com_github_MitjaNemec_Archive3DModels.archive_3d_models 45:Getting 3D models for footprint of: REF**
02-07 19:24:11 com_github_MitjaNemec_Archive3DModels.archive_3d_models 45:Getting 3D models for footprint of: S13
02-07 19:24:11 com_github_MitjaNemec_Archive3DModels.archive_3d_models 45:Getting 3D models for footprint of: REF**
02-07 19:24:11 com_github_MitjaNemec_Archive3DModels.archive_3d_models 45:Getting 3D models for footprint of: REF**
02-07 19:24:11 com_github_MitjaNemec_Archive3DModels.archive_3d_models 45:Getting 3D models for footprint of: REF**
02-07 19:24:11 com_github_MitjaNemec_Archive3DModels.archive_3d_models 45:Getting 3D models for footprint of: REF**
02-07 19:24:11 com_github_MitjaNemec_Archive3DModels.archive_3d_models 45:Getting 3D models for footprint of: REF**
02-07 19:24:11 com_github_MitjaNemec_Archive3DModels.archive_3d_models 45:Getting 3D models for footprint of: REF**
02-07 19:24:11 com_github_MitjaNemec_Archive3DModels.archive_3d_models 45:Getting 3D models for footprint of: MCU1
02-07 19:24:11 com_github_MitjaNemec_Archive3DModels.archive_3d_models 45:Getting 3D models for footprint of: REF**
02-07 19:24:11 com_github_MitjaNemec_Archive3DModels.archive_3d_models 45:Getting 3D models for footprint of: REF**
02-07 19:24:11 com_github_MitjaNemec_Archive3DModels.archive_3d_models 45:Getting 3D models for footprint of: REF**
02-07 19:24:11 com_github_MitjaNemec_Archive3DModels.archive_3d_models 45:Getting 3D models for footprint of: D4
02-07 19:24:11 com_github_MitjaNemec_Archive3DModels.archive_3d_models 45:Getting 3D models for footprint of: D13
02-07 19:24:11 com_github_MitjaNemec_Archive3DModels.archive_3d_models 45:Getting 3D models for footprint of: REF**
02-07 19:24:11 com_github_MitjaNemec_Archive3DModels.archive_3d_models 45:Getting 3D models for footprint of: S4
02-07 19:24:11 com_github_MitjaNemec_Archive3DModels.archive_3d_models 45:Getting 3D models for footprint of: REF**
02-07 19:24:11 com_github_MitjaNemec_Archive3DModels.archive_3d_models 45:Getting 3D models for footprint of: REF**
02-07 19:24:11 com_github_MitjaNemec_Archive3DModels.archive_3d_models 45:Getting 3D models for footprint of: REF**
02-07 19:24:11 com_github_MitjaNemec_Archive3DModels.archive_3d_models 45:Getting 3D models for footprint of: REF**
02-07 19:24:11 com_github_MitjaNemec_Archive3DModels.archive_3d_models 45:Getting 3D models for footprint of: REF**
02-07 19:24:11 com_github_MitjaNemec_Archive3DModels.archive_3d_models 45:Getting 3D models for footprint of: REF**
02-07 19:24:11 com_github_MitjaNemec_Archive3DModels.archive_3d_models 45:Getting 3D models for footprint of: D7
02-07 19:24:11 com_github_MitjaNemec_Archive3DModels.archive_3d_models 45:Getting 3D models for footprint of: REF**
02-07 19:24:11 com_github_MitjaNemec_Archive3DModels.archive_3d_models 45:Getting 3D models for footprint of: D6
02-07 19:24:11 com_github_MitjaNemec_Archive3DModels.archive_3d_models 45:Getting 3D models for footprint of: REF**
02-07 19:24:11 com_github_MitjaNemec_Archive3DModels.archive_3d_models 45:Getting 3D models for footprint of: REF**
02-07 19:24:11 com_github_MitjaNemec_Archive3DModels.archive_3d_models 45:Getting 3D models for footprint of: REF**
02-07 19:24:11 com_github_MitjaNemec_Archive3DModels.archive_3d_models 45:Getting 3D models for footprint of: REF**
02-07 19:24:11 com_github_MitjaNemec_Archive3DModels.archive_3d_models 45:Getting 3D models for footprint of: D14
02-07 19:24:11 com_github_MitjaNemec_Archive3DModels.archive_3d_models 45:Getting 3D models for footprint of: S3
02-07 19:24:11 com_github_MitjaNemec_Archive3DModels.archive_3d_models 45:Getting 3D models for footprint of: REF**
02-07 19:24:11 com_github_MitjaNemec_Archive3DModels.archive_3d_models 45:Getting 3D models for footprint of: REF**
02-07 19:24:11 com_github_MitjaNemec_Archive3DModels.archive_3d_models 45:Getting 3D models for footprint of: REF**
02-07 19:24:11 com_github_MitjaNemec_Archive3DModels.archive_3d_models 45:Getting 3D models for footprint of: REF**
02-07 19:24:11 com_github_MitjaNemec_Archive3DModels.archive_3d_models 45:Getting 3D models for footprint of: REF**
02-07 19:24:11 com_github_MitjaNemec_Archive3DModels.archive_3d_models 45:Getting 3D models for footprint of: REF**
02-07 19:24:11 com_github_MitjaNemec_Archive3DModels.archive_3d_models 45:Getting 3D models for footprint of: REF**
02-07 19:24:11 com_github_MitjaNemec_Archive3DModels.archive_3d_models 45:Getting 3D models for footprint of: REF**
02-07 19:24:11 com_github_MitjaNemec_Archive3DModels.archive_3d_models 45:Getting 3D models for footprint of: REF**
02-07 19:24:11 com_github_MitjaNemec_Archive3DModels.archive_3d_models 45:Getting 3D models for footprint of: REF**
02-07 19:24:11 com_github_MitjaNemec_Archive3DModels.archive_3d_models 45:Getting 3D models for footprint of: REF**
02-07 19:24:11 com_github_MitjaNemec_Archive3DModels.archive_3d_models 45:Getting 3D models for footprint of: REF**
02-07 19:24:11 com_github_MitjaNemec_Archive3DModels.archive_3d_models 45:Getting 3D models for footprint of: REF**
02-07 19:24:11 com_github_MitjaNemec_Archive3DModels.archive_3d_models 45:Getting 3D models for footprint of: REF**
02-07 19:24:11 com_github_MitjaNemec_Archive3DModels.archive_3d_models 45:Getting 3D models for footprint of: REF**
02-07 19:24:11 com_github_MitjaNemec_Archive3DModels.archive_3d_models 45:Getting 3D models for footprint of: S1
02-07 19:24:11 com_github_MitjaNemec_Archive3DModels.archive_3d_models 45:Getting 3D models for footprint of: S12
02-07 19:24:11 com_github_MitjaNemec_Archive3DModels.archive_3d_models 45:Getting 3D models for footprint of: REF**
02-07 19:24:11 com_github_MitjaNemec_Archive3DModels.archive_3d_models 45:Getting 3D models for footprint of: REF**
02-07 19:24:11 com_github_MitjaNemec_Archive3DModels.archive_3d_models 45:Getting 3D models for footprint of: S8
02-07 19:24:11 com_github_MitjaNemec_Archive3DModels.archive_3d_models 45:Getting 3D models for footprint of: REF**
02-07 19:24:11 com_github_MitjaNemec_Archive3DModels.archive_3d_models 45:Getting 3D models for footprint of: REF**
02-07 19:24:11 com_github_MitjaNemec_Archive3DModels.archive_3d_models 45:Getting 3D models for footprint of: D1
02-07 19:24:11 com_github_MitjaNemec_Archive3DModels.archive_3d_models 45:Getting 3D models for footprint of: H3
02-07 19:24:11 com_github_MitjaNemec_Archive3DModels.archive_3d_models 45:Getting 3D models for footprint of: REF**
02-07 19:24:11 com_github_MitjaNemec_Archive3DModels.archive_3d_models 45:Getting 3D models for footprint of: D5
